<?xml version="1.0" encoding="UTF-8"?>
<!-- Generated by org.testng.reporters.JUnitXMLReporter -->
<testsuite hostname="Ishan" ignored="0" name="PAM" tests="11" failures="0" timestamp="16 Oct 2020 14:49:43 GMT" time="199.455" errors="0">
  <testcase name="loginpageTitle_Test" time="0.018" classname="com.pam.testcases.LoginPage_TestCase"/>
  <testcase name="dashbaordpageTitle_Test" time="0.023" classname="com.pam.testcases.Dashboard_TestCase"/>
  <testcase name="platformpagetitle_Test" time="0.01" classname="com.pam.testcases.Platform_TestCase"/>
  <testcase name="paymentmethod_pagetitle_Test" time="0.009" classname="com.pam.testcases.PaymentMethod_TestCase"/>
  <testcase name="Logo_Test" time="0.073" classname="com.pam.testcases.LoginPage_TestCase"/>
  <testcase name="verifyusername_Test" time="0.064" classname="com.pam.testcases.Dashboard_TestCase"/>
  <testcase name="verifyheading_Test" time="0.055" classname="com.pam.testcases.Platform_TestCase"/>
  <testcase name="verifyheading_Test" time="0.045" classname="com.pam.testcases.PaymentMethod_TestCase"/>
  <testcase name="loginTest" time="11.547" classname="com.pam.testcases.LoginPage_TestCase"/>
  <testcase name="clickonplatforms" time="1.513" classname="com.pam.testcases.Dashboard_TestCase"/>
  <testcase name="create_paymentmethod" time="4.155" classname="com.pam.testcases.PaymentMethod_TestCase"/>
</testsuite> <!-- PAM -->
