<?xml version="1.0" encoding="UTF-8"?>
<!-- Generated by org.testng.reporters.JUnitXMLReporter -->
<testsuite hostname="Ishan" ignored="0" name="Default test" tests="9" failures="0" timestamp="22 Dec 2020 12:36:10 GMT" time="181.861" errors="0">
  <testcase name="CancelButton_Test" time="2.469" classname="com.pam.testcases.PlanPage_TestCase"/>
  <testcase name="ValidatePlan_PageTitle_Test" time="0.015" classname="com.pam.testcases.PlanPage_TestCase"/>
  <testcase name="verifyheading_Test" time="0.092" classname="com.pam.testcases.PlanPage_TestCase"/>
  <testcase name="plan_create" time="1.902" classname="com.pam.testcases.PlanPage_TestCase"/>
  <testcase name="plan_create" time="12.003" classname="com.pam.testcases.PlanPage_TestCase"/>
  <testcase name="plan_create" time="14.195" classname="com.pam.testcases.PlanPage_TestCase"/>
  <testcase name="plan_create" time="3.497" classname="com.pam.testcases.PlanPage_TestCase"/>
  <testcase name="Plan_Update" time="15.116" classname="com.pam.testcases.PlanPage_TestCase"/>
  <testcase name="Plan_Delete" time="2.533" classname="com.pam.testcases.PlanPage_TestCase"/>
</testsuite> <!-- Default test -->
